Arguments: 
  /usr/local/bin/node /usr/local/Cellar/yarn/1.5.1_1/libexec/bin/yarn.js install

PATH: 
  /usr/local/bin:/usr/bin:/bin:/usr/sbin:/sbin

Yarn version: 
  1.5.1

Node version: 
  8.10.0

Platform: 
  darwin x64

npm manifest: 
  {
    "name": "dailydoctor",
    "version": "0.0.0",
    "description": "Daily Doctor",
    "main": "index.js",
    "scripts": {
      "test": "echo \"Error: no test specified\" && exit 1"
    },
    "keywords": [
      "alexa",
      "skill",
      "daily",
      "doctor"
    ],
    "author": "Nicolas Sirimongkol",
    "dependencies": {
      "alexa-sdk": "^1.0.12"
    }
  }

yarn manifest: 
  No manifest

Lockfile: 
  No lockfile

Trace: 
  Error: https://registry.yarnpkg.com/alexa-sdk: ETIMEDOUT
      at Timeout._onTimeout (/usr/local/Cellar/yarn/1.5.1_1/libexec/lib/cli.js:133094:19)
      at ontimeout (timers.js:482:11)
      at tryOnTimeout (timers.js:317:5)
      at Timer.listOnTimeout (timers.js:277:5)
